<?xml version="1.0" encoding="UTF-8"?>
<!-- Generated by org.testng.reporters.JUnitReportReporter -->
<testsuite hostname="selenium3" failures="0" tests="3" name="runner.ParallelRunner" time="25.666" errors="0" timestamp="2024-12-24T16:50:27 IST" skipped="0">
  <testcase classname="runner.ParallelRunner" name="runScenario" time="10.473"/>
  <system-out/>
  <testcase classname="runner.ParallelRunner" name="runScenario" time="7.785"/>
  <system-out/>
  <testcase classname="runner.ParallelRunner" name="runScenario" time="7.408"/>
  <system-out/>
</testsuite> <!-- runner.ParallelRunner -->
