<?xml version="1.0" encoding="UTF-8"?>
<!-- Generated by org.testng.reporters.JUnitReportReporter -->
<testsuite hostname="selenium3" failures="0" tests="1" name="stepDefs.GooglePageStepDef" time="0.015" errors="0" timestamp="2024-12-24T16:01:29 IST" skipped="0">
  <testcase classname="stepDefs.GooglePageStepDef" name="f" time="0.015"/>
  <system-out/>
</testsuite> <!-- stepDefs.GooglePageStepDef -->
