<?xml version="1.0" encoding="UTF-8"?>
<!-- Generated by org.testng.reporters.JUnitReportReporter -->
<testsuite hostname="selenium3" failures="0" tests="3" name="runner.GooglePageRunner" time="12.123" errors="0" timestamp="2024-12-24T16:15:10 IST" skipped="0">
  <testcase classname="runner.GooglePageRunner" name="runScenario" time="5.058"/>
  <system-out/>
  <testcase classname="runner.GooglePageRunner" name="f" time="0.004"/>
  <system-out/>
  <testcase classname="runner.GooglePageRunner" name="runScenario" time="7.061"/>
  <system-out/>
</testsuite> <!-- runner.GooglePageRunner -->
